<?xml version="1.0" encoding="UTF-8"?>
<testng-results ignored="0" total="2" passed="2" failed="0" skipped="0">
  <reporter-output>
  </reporter-output>
  <suite started-at="2025-04-10T15:18:06 IST" name="Default suite" finished-at="2025-04-10T15:18:16 IST" duration-ms="9796">
    <groups>
    </groups>
    <test started-at="2025-04-10T15:18:06 IST" name="Default test" finished-at="2025-04-10T15:18:16 IST" duration-ms="9796">
      <class name="com.automationdemo.testsrcript.RegisterModule">
        <test-method signature="openBrowser()[pri:0, instance:com.automationdemo.testsrcript.RegisterModule@72035809]" started-at="2025-04-10T15:18:06 IST" name="openBrowser" finished-at="2025-04-10T15:18:12 IST" duration-ms="5659" status="PASS">
          <reporter-output>
          </reporter-output>
        </test-method> <!-- openBrowser -->
        <test-method signature="registeruser()[pri:0, instance:com.automationdemo.testsrcript.RegisterModule@72035809]" started-at="2025-04-10T15:18:12 IST" name="registeruser" finished-at="2025-04-10T15:18:16 IST" duration-ms="4069" status="PASS">
          <reporter-output>
          </reporter-output>
        </test-method> <!-- registeruser -->
      </class> <!-- com.automationdemo.testsrcript.RegisterModule -->
    </test> <!-- Default test -->
  </suite> <!-- Default suite -->
</testng-results>
