<?xml version="1.0" encoding="UTF-8"?>
<testng-results ignored="0" total="3" passed="3" failed="0" skipped="0">
  <reporter-output>
    <line>
      <![CDATA[openBrowser has got passed]]>
    </line>
    <line>
      <![CDATA[confirmbox has got passed]]>
    </line>
    <line>
      <![CDATA[setpromptbox has got passed]]>
    </line>
  </reporter-output>
  <suite started-at="2025-04-10T19:43:54 IST" name="Default suite" finished-at="2025-04-10T19:44:11 IST" duration-ms="16755">
    <groups>
    </groups>
    <test started-at="2025-04-10T19:43:54 IST" name="Default test" finished-at="2025-04-10T19:44:11 IST" duration-ms="16755">
      <class name="com.automationdemo.testsrcript.AlertModule">
        <test-method signature="openBrowser()[pri:0, instance:com.automationdemo.testsrcript.AlertModule@909217e]" started-at="2025-04-10T19:43:54 IST" name="openBrowser" finished-at="2025-04-10T19:44:03 IST" duration-ms="8548" status="PASS">
          <reporter-output>
            <line>
              <![CDATA[openBrowser has got passed]]>
            </line>
          </reporter-output>
        </test-method> <!-- openBrowser -->
        <test-method signature="confirmbox()[pri:0, instance:com.automationdemo.testsrcript.AlertModule@909217e]" started-at="2025-04-10T19:44:03 IST" name="confirmbox" finished-at="2025-04-10T19:44:08 IST" duration-ms="5386" status="PASS">
          <reporter-output>
            <line>
              <![CDATA[confirmbox has got passed]]>
            </line>
          </reporter-output>
        </test-method> <!-- confirmbox -->
        <test-method signature="setpromptbox()[pri:0, instance:com.automationdemo.testsrcript.AlertModule@909217e]" started-at="2025-04-10T19:44:08 IST" name="setpromptbox" finished-at="2025-04-10T19:44:11 IST" duration-ms="2744" status="PASS">
          <reporter-output>
            <line>
              <![CDATA[setpromptbox has got passed]]>
            </line>
          </reporter-output>
        </test-method> <!-- setpromptbox -->
      </class> <!-- com.automationdemo.testsrcript.AlertModule -->
    </test> <!-- Default test -->
  </suite> <!-- Default suite -->
</testng-results>
